<?xml version="1.0" encoding="UTF-8"?>
<!-- Generated by org.testng.reporters.JUnitReportReporter -->
<testsuite skipped="0" hostname="DESKTOP-3KR4V53" name="com.selenium.testcases.LoginTest2" tests="1" failures="0" timestamp="06 May 2020 13:03:32 GMT" time="0.014" errors="0">
  <testcase name="test" time="0.014" classname="com.selenium.testcases.LoginTest2"/>
</testsuite> <!-- com.selenium.testcases.LoginTest2 -->
