<?xml version="1.0" encoding="UTF-8"?>
<!-- Generated by org.testng.reporters.JUnitReportReporter -->
<testsuite skipped="0" hostname="ustj27" name="com.selenium.testcases.LoginTest" tests="1" failures="0" timestamp="06 May 2020 13:56:50 GMT" time="0.015" errors="0">
  <testcase name="sellerLogin" time="0.015" classname="com.selenium.testcases.LoginTest"/>
</testsuite> <!-- com.selenium.testcases.LoginTest -->
